

16:00:36.255 [main] INFO  com.mawujun.utils.file.FileUtils - file类型的扫描
16:00:36.259 [main] INFO  com.mawujun.utils.file.FileUtils - com.mawujun.crawler.AreaCrawler
16:00:36.259 [main] INFO  com.mawujun.utils.file.FileUtils - com.mawujun.crawler.Shopinfo
16:00:36.260 [main] INFO  com.mawujun.utils.file.FileUtils - com.mawujun.crawler.Test
16:00:36.266 [main] INFO  com.mawujun.utils.file.FileUtils - com.mawujun.provice.AreaController
16:00:36.275 [main] INFO  com.mawujun.utils.file.FileUtils - ============================找到实体类:com.mawujun.provice.City
16:00:36.275 [main] INFO  com.mawujun.utils.file.FileUtils - com.mawujun.provice.City
16:00:36.276 [main] INFO  com.mawujun.utils.file.FileUtils - ============================找到实体类:com.mawujun.provice.Provice
16:00:36.276 [main] INFO  com.mawujun.utils.file.FileUtils - com.mawujun.provice.Provice
16:00:36.279 [main] INFO  com.mawujun.utils.file.FileUtils - com.mawujun.provice.ProviceRepository
16:00:36.290 [main] INFO  com.mawujun.utils.file.FileUtils - com.mawujun.provice.ProviceService
16:00:36.291 [main] INFO  com.mawujun.utils.file.FileUtils - com.mawujun.utils.GeneratorM
16:00:36.291 [main] INFO  com.mawujun.utils.file.FileUtils - com.mawujun.utils.GeneratorMain
16:00:36.291 [main] INFO  com.mawujun.utils.file.FileUtils - com.mawujun.utils.M$City
16:00:36.292 [main] INFO  com.mawujun.utils.file.FileUtils - com.mawujun.utils.M$Provice
16:00:36.292 [main] INFO  com.mawujun.utils.file.FileUtils - com.mawujun.utils.M
16:00:36.293 [main] INFO  com.mawujun.utils.file.FileUtils - file类型的扫描
16:00:36.294 [main] INFO  com.mawujun.utils.file.FileUtils - com.mawujun.exception.BusinessException
16:00:36.295 [main] INFO  com.mawujun.utils.file.FileUtils - com.mawujun.exception.DefaulExceptionCode
16:00:36.295 [main] INFO  com.mawujun.utils.file.FileUtils - com.mawujun.exception.ExceptionCode
16:00:36.296 [main] INFO  com.mawujun.utils.file.FileUtils - com.mawujun.exception.PaymentCode
16:00:36.296 [main] INFO  com.mawujun.utils.file.FileUtils - com.mawujun.exception.SystemExceptionExample
16:00:36.297 [main] INFO  com.mawujun.utils.file.FileUtils - com.mawujun.exception.SystemExceptionExample2
16:00:36.298 [main] INFO  com.mawujun.utils.file.FileUtils - com.mawujun.exception.SystemExceptionExample3
16:00:36.299 [main] INFO  com.mawujun.utils.file.FileUtils - com.mawujun.exception.ValidationCode
16:00:36.300 [main] INFO  com.mawujun.utils.file.FileUtils - com.mawujun.utils.ArrayUtils
16:00:36.301 [main] INFO  com.mawujun.utils.file.FileUtils - com.mawujun.utils.Assert
16:00:36.302 [main] INFO  com.mawujun.utils.file.FileUtils - com.mawujun.utils.bean.BeanUtils
16:00:36.302 [main] INFO  com.mawujun.utils.file.FileUtils - com.mawujun.utils.CollectionUtils
16:00:36.303 [main] INFO  com.mawujun.utils.file.FileUtils - com.mawujun.utils.DateUtils
16:00:36.304 [main] INFO  com.mawujun.utils.file.FileUtils - com.mawujun.utils.EncodeUtils
16:00:36.304 [main] INFO  com.mawujun.utils.file.FileUtils - com.mawujun.utils.file.FileUtils
16:00:36.304 [main] INFO  com.mawujun.utils.file.FileUtils - com.mawujun.utils.GlobalVariable
16:00:36.305 [main] INFO  com.mawujun.utils.file.FileUtils - com.mawujun.utils.help.CodeGeneratorHelper
16:00:36.306 [main] INFO  com.mawujun.utils.file.FileUtils - com.mawujun.utils.icon.Icon
16:00:36.306 [main] INFO  com.mawujun.utils.file.FileUtils - com.mawujun.utils.icon.IconUtil
16:00:36.307 [main] INFO  com.mawujun.utils.file.FileUtils - com.mawujun.utils.JavaLibraryPathUtils
16:00:36.308 [main] INFO  com.mawujun.utils.file.FileUtils - com.mawujun.utils.JavaVersion
16:00:36.308 [main] INFO  com.mawujun.utils.file.FileUtils - com.mawujun.utils.ObjectUtils
16:00:36.309 [main] INFO  com.mawujun.utils.file.FileUtils - com.mawujun.utils.page.PageParam
16:00:36.310 [main] INFO  com.mawujun.utils.file.FileUtils - com.mawujun.utils.page.PageResult
16:00:36.311 [main] INFO  com.mawujun.utils.file.FileUtils - com.mawujun.utils.properties.PropertiesUtils
16:00:36.311 [main] INFO  com.mawujun.utils.file.FileUtils - com.mawujun.utils.Range$ComparableComparator
16:00:36.312 [main] INFO  com.mawujun.utils.file.FileUtils - com.mawujun.utils.Range
16:00:36.313 [main] INFO  com.mawujun.utils.file.FileUtils - com.mawujun.utils.ReflectUtils$1
16:00:36.314 [main] INFO  com.mawujun.utils.file.FileUtils - com.mawujun.utils.ReflectUtils$2
16:00:36.315 [main] INFO  com.mawujun.utils.file.FileUtils - com.mawujun.utils.ReflectUtils$3
16:00:36.315 [main] INFO  com.mawujun.utils.file.FileUtils - com.mawujun.utils.ReflectUtils$FieldCallback
16:00:36.315 [main] INFO  com.mawujun.utils.file.FileUtils - com.mawujun.utils.ReflectUtils$FieldFilter
16:00:36.316 [main] INFO  com.mawujun.utils.file.FileUtils - com.mawujun.utils.ReflectUtils$MethodCallback
16:00:36.316 [main] INFO  com.mawujun.utils.file.FileUtils - com.mawujun.utils.ReflectUtils$MethodFilter
16:00:36.317 [main] INFO  com.mawujun.utils.file.FileUtils - com.mawujun.utils.ReflectUtils
16:00:36.319 [main] INFO  com.mawujun.utils.file.FileUtils - com.mawujun.utils.SerializationException
16:00:36.320 [main] INFO  com.mawujun.utils.file.FileUtils - com.mawujun.utils.SerializationUtils
16:00:36.321 [main] INFO  com.mawujun.utils.file.FileUtils - com.mawujun.utils.string.RandomStringUtils
16:00:36.322 [main] INFO  com.mawujun.utils.file.FileUtils - com.mawujun.utils.string.StringEscapeUtils
16:00:36.323 [main] INFO  com.mawujun.utils.file.FileUtils - com.mawujun.utils.string.StringTokenizerUtils
16:00:36.325 [main] INFO  com.mawujun.utils.file.FileUtils - com.mawujun.utils.string.StringUtils
16:00:36.326 [main] INFO  com.mawujun.utils.file.FileUtils - com.mawujun.utils.SystemUtils
16:00:36.326 [main] INFO  com.mawujun.utils.file.FileUtils - com.mawujun.utils.test.DbunitBaseRepositoryTest
16:00:36.327 [main] INFO  com.mawujun.utils.file.FileUtils - com.mawujun.utils.Validate
16:00:36.328 [main] INFO  com.mawujun.utils.file.FileUtils - com.mawujun.utils.WeekUtils
16:00:36.328 [main] INFO  com.mawujun.utils.file.FileUtils - file类型的扫描
16:00:36.331 [main] INFO  com.mawujun.utils.file.FileUtils - com.mawujun.controller.spring.event.ApplicationListenerAAA
16:00:36.333 [main] INFO  com.mawujun.utils.file.FileUtils - com.mawujun.controller.spring.mvc.CustomPropertyEditorRegistrar
16:00:36.336 [main] INFO  com.mawujun.utils.file.FileUtils - com.mawujun.controller.spring.mvc.DateBindingInitializer
16:00:36.339 [main] INFO  com.mawujun.utils.file.FileUtils - com.mawujun.controller.spring.mvc.exception.ContentNegotiationManagerFactoryBean_Custom
16:00:36.340 [main] INFO  com.mawujun.utils.file.FileUtils - com.mawujun.controller.spring.mvc.exception.ContentNegotiationManager_Custom
16:00:36.341 [main] INFO  com.mawujun.utils.file.FileUtils - com.mawujun.controller.spring.mvc.FastJsonToStringUtils
16:00:36.342 [main] INFO  com.mawujun.utils.file.FileUtils - com.mawujun.controller.spring.mvc.json.JsonConfigHolder$1
16:00:36.342 [main] INFO  com.mawujun.utils.file.FileUtils - com.mawujun.controller.spring.mvc.json.JsonConfigHolder$ToJsonConfig
16:00:36.343 [main] INFO  com.mawujun.utils.file.FileUtils - com.mawujun.controller.spring.mvc.json.JsonConfigHolder
16:00:36.344 [main] INFO  com.mawujun.utils.file.FileUtils - com.mawujun.controller.spring.mvc.json.Object2JsonObject
16:00:36.345 [main] INFO  com.mawujun.utils.file.FileUtils - com.mawujun.controller.spring.mvc.json.PageResult2JsonObject
16:00:36.345 [main] INFO  com.mawujun.utils.file.FileUtils - com.mawujun.controller.spring.mvc.json.Trans2JsonObject
16:00:36.346 [main] ERROR com.mawujun.utils.file.FileUtils - java.lang.NoClassDefFoundError: org/springframework/web/servlet/view/AbstractView
16:00:36.348 [main] INFO  com.mawujun.utils.file.FileUtils - com.mawujun.controller.spring.SpringContextHolder
16:00:36.348 [main] INFO  com.mawujun.utils.file.FileUtils - file类型的扫描
16:00:36.352 [main] INFO  com.mawujun.utils.file.FileUtils - com.mawujun.repository.cnd.AbstractSqlExpression
16:00:36.353 [main] INFO  com.mawujun.utils.file.FileUtils - com.mawujun.repository.cnd.Cnd
16:00:36.354 [main] INFO  com.mawujun.utils.file.FileUtils - com.mawujun.repository.cnd.Exps
16:00:36.355 [main] INFO  com.mawujun.utils.file.FileUtils - com.mawujun.repository.cnd.InsertItems
16:00:36.356 [main] INFO  com.mawujun.utils.file.FileUtils - com.mawujun.repository.cnd.IntRange
16:00:36.357 [main] INFO  com.mawujun.utils.file.FileUtils - com.mawujun.repository.cnd.IsNull
16:00:36.358 [main] INFO  com.mawujun.utils.file.FileUtils - com.mawujun.repository.cnd.Like
16:00:36.358 [main] INFO  com.mawujun.utils.file.FileUtils - com.mawujun.repository.cnd.LongRange
16:00:36.359 [main] INFO  com.mawujun.utils.file.FileUtils - com.mawujun.repository.cnd.NameRange
16:00:36.359 [main] INFO  com.mawujun.utils.file.FileUtils - com.mawujun.repository.cnd.NoParamsSqlExpression
16:00:36.359 [main] INFO  com.mawujun.utils.file.FileUtils - com.mawujun.repository.cnd.NumberRange
16:00:36.360 [main] INFO  com.mawujun.utils.file.FileUtils - com.mawujun.repository.cnd.OrderBy
16:00:36.360 [main] INFO  com.mawujun.utils.file.FileUtils - com.mawujun.repository.cnd.OrderByItem
16:00:36.361 [main] INFO  com.mawujun.utils.file.FileUtils - com.mawujun.repository.cnd.OrderBySet
16:00:36.361 [main] INFO  com.mawujun.utils.file.FileUtils - com.mawujun.repository.cnd.PItem
16:00:36.361 [main] INFO  com.mawujun.utils.file.FileUtils - com.mawujun.repository.cnd.SelectAggreFun
16:00:36.362 [main] INFO  com.mawujun.utils.file.FileUtils - com.mawujun.repository.cnd.SelectItems
16:00:36.362 [main] INFO  com.mawujun.utils.file.FileUtils - com.mawujun.repository.cnd.SimpleExpression
16:00:36.363 [main] INFO  com.mawujun.utils.file.FileUtils - com.mawujun.repository.cnd.SqlExpression
16:00:36.363 [main] INFO  com.mawujun.utils.file.FileUtils - com.mawujun.repository.cnd.SqlExpressionGroup
16:00:36.364 [main] INFO  com.mawujun.utils.file.FileUtils - com.mawujun.repository.cnd.SqlRange
16:00:36.365 [main] INFO  com.mawujun.utils.file.FileUtils - com.mawujun.repository.cnd.SqlType
16:00:36.365 [main] INFO  com.mawujun.utils.file.FileUtils - com.mawujun.repository.cnd.Static
16:00:36.366 [main] INFO  com.mawujun.utils.file.FileUtils - com.mawujun.repository.cnd.UpdateItems
16:00:36.366 [main] INFO  com.mawujun.utils.file.FileUtils - com.mawujun.repository.DialectEnum
16:00:36.368 [main] INFO  com.mawujun.utils.file.FileUtils - com.mawujun.repository.hibernate.HibernateDao
16:00:36.368 [main] INFO  com.mawujun.utils.file.FileUtils - com.mawujun.repository.hibernate.HibernateUtils
16:00:36.368 [main] INFO  com.mawujun.utils.file.FileUtils - com.mawujun.repository.hibernate.IHibernateDao
16:00:36.384 [main] INFO  com.mawujun.utils.file.FileUtils - com.mawujun.repository.hibernate.MyH2Dialect
16:00:36.386 [main] INFO  com.mawujun.utils.file.FileUtils - com.mawujun.repository.hibernate.NamingStrategy
16:00:36.387 [main] INFO  com.mawujun.utils.file.FileUtils - com.mawujun.repository.hibernate.schemaExport.HibernateDDLGenerator
16:00:36.387 [main] INFO  com.mawujun.utils.file.FileUtils - com.mawujun.repository.hibernate.schemaExport.SchemaExportApp
16:00:36.388 [main] INFO  com.mawujun.utils.file.FileUtils - com.mawujun.repository.hibernate.validate.ValidateEntity
16:00:36.389 [main] INFO  com.mawujun.utils.file.FileUtils - com.mawujun.repository.hibernate.validate.ValidatorUtils
16:00:36.389 [main] INFO  com.mawujun.utils.file.FileUtils - com.mawujun.repository.idEntity.AutoIdEntity
16:00:36.390 [main] INFO  com.mawujun.utils.file.FileUtils - com.mawujun.repository.idEntity.GUIDEntity
16:00:36.391 [main] INFO  com.mawujun.utils.file.FileUtils - com.mawujun.repository.idEntity.GUIDValidateEntity
16:00:36.391 [main] INFO  com.mawujun.utils.file.FileUtils - com.mawujun.repository.idEntity.IdEntity
16:00:36.392 [main] INFO  com.mawujun.utils.file.FileUtils - com.mawujun.repository.idEntity.OracleAutoId
16:00:36.392 [main] INFO  com.mawujun.utils.file.FileUtils - com.mawujun.repository.idEntity.OracleAutoIdValidate
16:00:36.393 [main] INFO  com.mawujun.utils.file.FileUtils - com.mawujun.repository.idEntity.UUIDEntity
16:00:36.394 [main] INFO  com.mawujun.utils.file.FileUtils - com.mawujun.repository.idEntity.UUIDEntityValidate
16:00:36.394 [main] INFO  com.mawujun.utils.file.FileUtils - com.mawujun.repository.idEntity.UUIDGenerator
16:00:36.394 [main] INFO  com.mawujun.utils.file.FileUtils - com.mawujun.repository.IRepository
16:00:36.395 [main] INFO  com.mawujun.utils.file.FileUtils - com.mawujun.repository.mybatis.BaseEntity
16:00:36.397 [main] INFO  com.mawujun.utils.file.FileUtils - com.mawujun.repository.mybatis.BitTypeHandler
16:00:36.398 [main] INFO  com.mawujun.utils.file.FileUtils - com.mawujun.repository.mybatis.DatabaseIdProviderCustom
16:00:36.399 [main] INFO  com.mawujun.utils.file.FileUtils - com.mawujun.repository.mybatis.DataParser
16:00:36.400 [main] INFO  com.mawujun.utils.file.FileUtils - com.mawujun.repository.mybatis.dialect.DB2Dialect
16:00:36.401 [main] INFO  com.mawujun.utils.file.FileUtils - com.mawujun.repository.mybatis.dialect.DerbyDialect
16:00:36.401 [main] INFO  com.mawujun.utils.file.FileUtils - com.mawujun.repository.mybatis.dialect.Dialect
16:00:36.401 [main] INFO  com.mawujun.utils.file.FileUtils - com.mawujun.repository.mybatis.dialect.H2Dialect
16:00:36.402 [main] INFO  com.mawujun.utils.file.FileUtils - com.mawujun.repository.mybatis.dialect.HSQLDialect
16:00:36.402 [main] INFO  com.mawujun.utils.file.FileUtils - com.mawujun.repository.mybatis.dialect.MySQLDialect
16:00:36.403 [main] INFO  com.mawujun.utils.file.FileUtils - com.mawujun.repository.mybatis.dialect.OracleDialect
16:00:36.403 [main] INFO  com.mawujun.utils.file.FileUtils - com.mawujun.repository.mybatis.dialect.PostgreSQLDialect
16:00:36.404 [main] INFO  com.mawujun.utils.file.FileUtils - com.mawujun.repository.mybatis.dialect.SQLServer2005Dialect
16:00:36.405 [main] INFO  com.mawujun.utils.file.FileUtils - com.mawujun.repository.mybatis.dialect.SQLServerDialect
16:00:36.405 [main] INFO  com.mawujun.utils.file.FileUtils - com.mawujun.repository.mybatis.dialect.SybaseDialect
16:00:36.406 [main] INFO  com.mawujun.utils.file.FileUtils - com.mawujun.repository.mybatis.MybatisBatchRepository
16:00:36.406 [main] INFO  com.mawujun.utils.file.FileUtils - com.mawujun.repository.mybatis.MybatisRepository
16:00:36.407 [main] INFO  com.mawujun.utils.file.FileUtils - com.mawujun.repository.mybatis.MybatisUtils
16:00:36.409 [main] INFO  com.mawujun.utils.file.FileUtils - com.mawujun.repository.mybatis.PageInterceptor$BoundSqlSqlSource
16:00:36.415 [main] INFO  com.mawujun.utils.file.FileUtils - com.mawujun.repository.mybatis.PageInterceptor
16:00:36.417 [main] INFO  com.mawujun.utils.file.FileUtils - com.mawujun.repository.mybatis.Record
16:00:36.418 [main] INFO  com.mawujun.utils.file.FileUtils - com.mawujun.repository.mybatis.TrueFalseTypeHandler
16:00:36.418 [main] INFO  com.mawujun.utils.file.FileUtils - com.mawujun.repository.mybatis.YesNoTypeHandler
16:00:36.419 [main] INFO  com.mawujun.utils.file.FileUtils - com.mawujun.repository.MyMapperProxy
16:00:36.420 [main] INFO  com.mawujun.utils.file.FileUtils - com.mawujun.repository.MyMapperProxyFactory
16:00:36.421 [main] INFO  com.mawujun.utils.file.FileUtils - com.mawujun.repository.MyMapperRegistry
16:00:36.424 [main] INFO  com.mawujun.utils.file.FileUtils - com.mawujun.repository.MySqlSessionFactoryBean
16:00:36.424 [main] INFO  com.mawujun.utils.file.FileUtils - com.mawujun.service.AbstractService
16:00:36.425 [main] INFO  com.mawujun.utils.file.FileUtils - file类型的扫描
16:00:36.426 [main] INFO  com.mawujun.utils.file.FileUtils - com.mawujun.generator.ExtenConfig
16:00:36.427 [main] INFO  com.mawujun.utils.file.FileUtils - com.mawujun.generator.FreemarkerHelper
16:00:36.427 [main] INFO  com.mawujun.utils.file.FileUtils - com.mawujun.generator.GeneratorService
16:00:36.428 [main] INFO  com.mawujun.utils.file.FileUtils - com.mawujun.generator.JavaEntityMetaDataService
16:00:36.429 [main] INFO  com.mawujun.utils.file.FileUtils - com.mawujun.generator.model.PropertyColumn
16:00:36.429 [main] INFO  com.mawujun.utils.file.FileUtils - com.mawujun.generator.model.SubjectRoot
16:00:36.429 [main] INFO  com.mawujun.utils.file.FileUtils - com.mawujun.generator.MT.GeneratorMT$1
16:00:36.430 [main] INFO  com.mawujun.utils.file.FileUtils - com.mawujun.generator.MT.GeneratorMT
16:00:36.431 [main] INFO  com.mawujun.utils.file.FileUtils - com.mawujun.generator.other.DefaultNameStrategy
16:00:36.432 [main] INFO  com.mawujun.utils.file.FileUtils - com.mawujun.generator.other.JarFileSearch
16:00:36.432 [main] INFO  com.mawujun.utils.file.FileUtils - com.mawujun.generator.other.NameStrategy
16:00:36.432 [main] INFO  com.mawujun.utils.file.FileUtils - com.mawujun.generator.Test
16:01:22.843 [main] INFO  com.mawujun.utils.file.FileUtils - file类型的扫描
16:01:22.846 [main] INFO  com.mawujun.utils.file.FileUtils - com.mawujun.crawler.AreaCrawler
16:01:22.847 [main] INFO  com.mawujun.utils.file.FileUtils - com.mawujun.crawler.Shopinfo
16:01:22.847 [main] INFO  com.mawujun.utils.file.FileUtils - com.mawujun.crawler.Test
16:01:22.855 [main] INFO  com.mawujun.utils.file.FileUtils - com.mawujun.provice.AreaController
16:01:22.863 [main] INFO  com.mawujun.utils.file.FileUtils - ============================找到实体类:com.mawujun.provice.City
16:01:22.864 [main] INFO  com.mawujun.utils.file.FileUtils - com.mawujun.provice.City
16:01:22.864 [main] INFO  com.mawujun.utils.file.FileUtils - ============================找到实体类:com.mawujun.provice.Provice
16:01:22.865 [main] INFO  com.mawujun.utils.file.FileUtils - com.mawujun.provice.Provice
16:01:22.869 [main] INFO  com.mawujun.utils.file.FileUtils - com.mawujun.provice.ProviceRepository
16:01:22.878 [main] INFO  com.mawujun.utils.file.FileUtils - com.mawujun.provice.ProviceService
16:01:22.878 [main] INFO  com.mawujun.utils.file.FileUtils - com.mawujun.utils.GeneratorM
16:01:22.879 [main] INFO  com.mawujun.utils.file.FileUtils - com.mawujun.utils.GeneratorMain
16:01:22.880 [main] INFO  com.mawujun.utils.file.FileUtils - file类型的扫描
16:01:22.883 [main] INFO  com.mawujun.utils.file.FileUtils - com.mawujun.exception.BusinessException
16:01:22.884 [main] INFO  com.mawujun.utils.file.FileUtils - com.mawujun.exception.DefaulExceptionCode
16:01:22.884 [main] INFO  com.mawujun.utils.file.FileUtils - com.mawujun.exception.ExceptionCode
16:01:22.885 [main] INFO  com.mawujun.utils.file.FileUtils - com.mawujun.exception.PaymentCode
16:01:22.886 [main] INFO  com.mawujun.utils.file.FileUtils - com.mawujun.exception.SystemExceptionExample
16:01:22.886 [main] INFO  com.mawujun.utils.file.FileUtils - com.mawujun.exception.SystemExceptionExample2
16:01:22.887 [main] INFO  com.mawujun.utils.file.FileUtils - com.mawujun.exception.SystemExceptionExample3
16:01:22.887 [main] INFO  com.mawujun.utils.file.FileUtils - com.mawujun.exception.ValidationCode
16:01:22.888 [main] INFO  com.mawujun.utils.file.FileUtils - com.mawujun.utils.ArrayUtils
16:01:22.889 [main] INFO  com.mawujun.utils.file.FileUtils - com.mawujun.utils.Assert
16:01:22.890 [main] INFO  com.mawujun.utils.file.FileUtils - com.mawujun.utils.bean.BeanUtils
16:01:22.891 [main] INFO  com.mawujun.utils.file.FileUtils - com.mawujun.utils.CollectionUtils
16:01:22.891 [main] INFO  com.mawujun.utils.file.FileUtils - com.mawujun.utils.DateUtils
16:01:22.892 [main] INFO  com.mawujun.utils.file.FileUtils - com.mawujun.utils.EncodeUtils
16:01:22.892 [main] INFO  com.mawujun.utils.file.FileUtils - com.mawujun.utils.file.FileUtils
16:01:22.893 [main] INFO  com.mawujun.utils.file.FileUtils - com.mawujun.utils.GlobalVariable
16:01:22.893 [main] INFO  com.mawujun.utils.file.FileUtils - com.mawujun.utils.help.CodeGeneratorHelper
16:01:22.894 [main] INFO  com.mawujun.utils.file.FileUtils - com.mawujun.utils.icon.Icon
16:01:22.894 [main] INFO  com.mawujun.utils.file.FileUtils - com.mawujun.utils.icon.IconUtil
16:01:22.895 [main] INFO  com.mawujun.utils.file.FileUtils - com.mawujun.utils.JavaLibraryPathUtils
16:01:22.896 [main] INFO  com.mawujun.utils.file.FileUtils - com.mawujun.utils.JavaVersion
16:01:22.896 [main] INFO  com.mawujun.utils.file.FileUtils - com.mawujun.utils.ObjectUtils
16:01:22.897 [main] INFO  com.mawujun.utils.file.FileUtils - com.mawujun.utils.page.PageParam
16:01:22.898 [main] INFO  com.mawujun.utils.file.FileUtils - com.mawujun.utils.page.PageResult
16:01:22.899 [main] INFO  com.mawujun.utils.file.FileUtils - com.mawujun.utils.properties.PropertiesUtils
16:01:22.900 [main] INFO  com.mawujun.utils.file.FileUtils - com.mawujun.utils.Range$ComparableComparator
16:01:22.901 [main] INFO  com.mawujun.utils.file.FileUtils - com.mawujun.utils.Range
16:01:22.901 [main] INFO  com.mawujun.utils.file.FileUtils - com.mawujun.utils.ReflectUtils$1
16:01:22.902 [main] INFO  com.mawujun.utils.file.FileUtils - com.mawujun.utils.ReflectUtils$2
16:01:22.903 [main] INFO  com.mawujun.utils.file.FileUtils - com.mawujun.utils.ReflectUtils$3
16:01:22.903 [main] INFO  com.mawujun.utils.file.FileUtils - com.mawujun.utils.ReflectUtils$FieldCallback
16:01:22.903 [main] INFO  com.mawujun.utils.file.FileUtils - com.mawujun.utils.ReflectUtils$FieldFilter
16:01:22.903 [main] INFO  com.mawujun.utils.file.FileUtils - com.mawujun.utils.ReflectUtils$MethodCallback
16:01:22.904 [main] INFO  com.mawujun.utils.file.FileUtils - com.mawujun.utils.ReflectUtils$MethodFilter
16:01:22.905 [main] INFO  com.mawujun.utils.file.FileUtils - com.mawujun.utils.ReflectUtils
16:01:22.907 [main] INFO  com.mawujun.utils.file.FileUtils - com.mawujun.utils.SerializationException
16:01:22.908 [main] INFO  com.mawujun.utils.file.FileUtils - com.mawujun.utils.SerializationUtils
16:01:22.909 [main] INFO  com.mawujun.utils.file.FileUtils - com.mawujun.utils.string.RandomStringUtils
16:01:22.910 [main] INFO  com.mawujun.utils.file.FileUtils - com.mawujun.utils.string.StringEscapeUtils
16:01:22.911 [main] INFO  com.mawujun.utils.file.FileUtils - com.mawujun.utils.string.StringTokenizerUtils
16:01:22.914 [main] INFO  com.mawujun.utils.file.FileUtils - com.mawujun.utils.string.StringUtils
16:01:22.916 [main] INFO  com.mawujun.utils.file.FileUtils - com.mawujun.utils.SystemUtils
16:01:22.916 [main] INFO  com.mawujun.utils.file.FileUtils - com.mawujun.utils.test.DbunitBaseRepositoryTest
16:01:22.917 [main] INFO  com.mawujun.utils.file.FileUtils - com.mawujun.utils.Validate
16:01:22.918 [main] INFO  com.mawujun.utils.file.FileUtils - com.mawujun.utils.WeekUtils
16:01:22.918 [main] INFO  com.mawujun.utils.file.FileUtils - file类型的扫描
16:01:22.920 [main] INFO  com.mawujun.utils.file.FileUtils - com.mawujun.controller.spring.event.ApplicationListenerAAA
16:01:22.922 [main] INFO  com.mawujun.utils.file.FileUtils - com.mawujun.controller.spring.mvc.CustomPropertyEditorRegistrar
16:01:22.925 [main] INFO  com.mawujun.utils.file.FileUtils - com.mawujun.controller.spring.mvc.DateBindingInitializer
16:01:22.927 [main] INFO  com.mawujun.utils.file.FileUtils - com.mawujun.controller.spring.mvc.exception.ContentNegotiationManagerFactoryBean_Custom
16:01:22.929 [main] INFO  com.mawujun.utils.file.FileUtils - com.mawujun.controller.spring.mvc.exception.ContentNegotiationManager_Custom
16:01:22.930 [main] INFO  com.mawujun.utils.file.FileUtils - com.mawujun.controller.spring.mvc.FastJsonToStringUtils
16:01:22.930 [main] INFO  com.mawujun.utils.file.FileUtils - com.mawujun.controller.spring.mvc.json.JsonConfigHolder$1
16:01:22.931 [main] INFO  com.mawujun.utils.file.FileUtils - com.mawujun.controller.spring.mvc.json.JsonConfigHolder$ToJsonConfig
16:01:22.932 [main] INFO  com.mawujun.utils.file.FileUtils - com.mawujun.controller.spring.mvc.json.JsonConfigHolder
16:01:22.933 [main] INFO  com.mawujun.utils.file.FileUtils - com.mawujun.controller.spring.mvc.json.Object2JsonObject
16:01:22.933 [main] INFO  com.mawujun.utils.file.FileUtils - com.mawujun.controller.spring.mvc.json.PageResult2JsonObject
16:01:22.933 [main] INFO  com.mawujun.utils.file.FileUtils - com.mawujun.controller.spring.mvc.json.Trans2JsonObject
16:01:22.935 [main] ERROR com.mawujun.utils.file.FileUtils - java.lang.NoClassDefFoundError: org/springframework/web/servlet/view/AbstractView
16:01:22.936 [main] INFO  com.mawujun.utils.file.FileUtils - com.mawujun.controller.spring.SpringContextHolder
16:01:22.936 [main] INFO  com.mawujun.utils.file.FileUtils - file类型的扫描
16:01:22.938 [main] INFO  com.mawujun.utils.file.FileUtils - com.mawujun.repository.cnd.AbstractSqlExpression
16:01:22.939 [main] INFO  com.mawujun.utils.file.FileUtils - com.mawujun.repository.cnd.Cnd
16:01:22.940 [main] INFO  com.mawujun.utils.file.FileUtils - com.mawujun.repository.cnd.Exps
16:01:22.940 [main] INFO  com.mawujun.utils.file.FileUtils - com.mawujun.repository.cnd.InsertItems
16:01:22.941 [main] INFO  com.mawujun.utils.file.FileUtils - com.mawujun.repository.cnd.IntRange
16:01:22.942 [main] INFO  com.mawujun.utils.file.FileUtils - com.mawujun.repository.cnd.IsNull
16:01:22.943 [main] INFO  com.mawujun.utils.file.FileUtils - com.mawujun.repository.cnd.Like
16:01:22.943 [main] INFO  com.mawujun.utils.file.FileUtils - com.mawujun.repository.cnd.LongRange
16:01:22.944 [main] INFO  com.mawujun.utils.file.FileUtils - com.mawujun.repository.cnd.NameRange
16:01:22.944 [main] INFO  com.mawujun.utils.file.FileUtils - com.mawujun.repository.cnd.NoParamsSqlExpression
16:01:22.944 [main] INFO  com.mawujun.utils.file.FileUtils - com.mawujun.repository.cnd.NumberRange
16:01:22.945 [main] INFO  com.mawujun.utils.file.FileUtils - com.mawujun.repository.cnd.OrderBy
16:01:22.945 [main] INFO  com.mawujun.utils.file.FileUtils - com.mawujun.repository.cnd.OrderByItem
16:01:22.946 [main] INFO  com.mawujun.utils.file.FileUtils - com.mawujun.repository.cnd.OrderBySet
16:01:22.946 [main] INFO  com.mawujun.utils.file.FileUtils - com.mawujun.repository.cnd.PItem
16:01:22.947 [main] INFO  com.mawujun.utils.file.FileUtils - com.mawujun.repository.cnd.SelectAggreFun
16:01:22.947 [main] INFO  com.mawujun.utils.file.FileUtils - com.mawujun.repository.cnd.SelectItems
16:01:22.948 [main] INFO  com.mawujun.utils.file.FileUtils - com.mawujun.repository.cnd.SimpleExpression
16:01:22.948 [main] INFO  com.mawujun.utils.file.FileUtils - com.mawujun.repository.cnd.SqlExpression
16:01:22.949 [main] INFO  com.mawujun.utils.file.FileUtils - com.mawujun.repository.cnd.SqlExpressionGroup
16:01:22.949 [main] INFO  com.mawujun.utils.file.FileUtils - com.mawujun.repository.cnd.SqlRange
16:01:22.950 [main] INFO  com.mawujun.utils.file.FileUtils - com.mawujun.repository.cnd.SqlType
16:01:22.950 [main] INFO  com.mawujun.utils.file.FileUtils - com.mawujun.repository.cnd.Static
16:01:22.951 [main] INFO  com.mawujun.utils.file.FileUtils - com.mawujun.repository.cnd.UpdateItems
16:01:22.952 [main] INFO  com.mawujun.utils.file.FileUtils - com.mawujun.repository.DialectEnum
16:01:22.953 [main] INFO  com.mawujun.utils.file.FileUtils - com.mawujun.repository.hibernate.HibernateDao
16:01:22.953 [main] INFO  com.mawujun.utils.file.FileUtils - com.mawujun.repository.hibernate.HibernateUtils
16:01:22.954 [main] INFO  com.mawujun.utils.file.FileUtils - com.mawujun.repository.hibernate.IHibernateDao
16:01:22.968 [main] INFO  com.mawujun.utils.file.FileUtils - com.mawujun.repository.hibernate.MyH2Dialect
16:01:22.970 [main] INFO  com.mawujun.utils.file.FileUtils - com.mawujun.repository.hibernate.NamingStrategy
16:01:22.970 [main] INFO  com.mawujun.utils.file.FileUtils - com.mawujun.repository.hibernate.schemaExport.HibernateDDLGenerator
16:01:22.971 [main] INFO  com.mawujun.utils.file.FileUtils - com.mawujun.repository.hibernate.schemaExport.SchemaExportApp
16:01:22.972 [main] INFO  com.mawujun.utils.file.FileUtils - com.mawujun.repository.hibernate.validate.ValidateEntity
16:01:22.972 [main] INFO  com.mawujun.utils.file.FileUtils - com.mawujun.repository.hibernate.validate.ValidatorUtils
16:01:22.973 [main] INFO  com.mawujun.utils.file.FileUtils - com.mawujun.repository.idEntity.AutoIdEntity
16:01:22.973 [main] INFO  com.mawujun.utils.file.FileUtils - com.mawujun.repository.idEntity.GUIDEntity
16:01:22.974 [main] INFO  com.mawujun.utils.file.FileUtils - com.mawujun.repository.idEntity.GUIDValidateEntity
16:01:22.974 [main] INFO  com.mawujun.utils.file.FileUtils - com.mawujun.repository.idEntity.IdEntity
16:01:22.975 [main] INFO  com.mawujun.utils.file.FileUtils - com.mawujun.repository.idEntity.OracleAutoId
16:01:22.976 [main] INFO  com.mawujun.utils.file.FileUtils - com.mawujun.repository.idEntity.OracleAutoIdValidate
16:01:22.976 [main] INFO  com.mawujun.utils.file.FileUtils - com.mawujun.repository.idEntity.UUIDEntity
16:01:22.977 [main] INFO  com.mawujun.utils.file.FileUtils - com.mawujun.repository.idEntity.UUIDEntityValidate
16:01:22.978 [main] INFO  com.mawujun.utils.file.FileUtils - com.mawujun.repository.idEntity.UUIDGenerator
16:01:22.978 [main] INFO  com.mawujun.utils.file.FileUtils - com.mawujun.repository.IRepository
16:01:22.979 [main] INFO  com.mawujun.utils.file.FileUtils - com.mawujun.repository.mybatis.BaseEntity
16:01:22.981 [main] INFO  com.mawujun.utils.file.FileUtils - com.mawujun.repository.mybatis.BitTypeHandler
16:01:22.982 [main] INFO  com.mawujun.utils.file.FileUtils - com.mawujun.repository.mybatis.DatabaseIdProviderCustom
16:01:22.983 [main] INFO  com.mawujun.utils.file.FileUtils - com.mawujun.repository.mybatis.DataParser
16:01:22.984 [main] INFO  com.mawujun.utils.file.FileUtils - com.mawujun.repository.mybatis.dialect.DB2Dialect
16:01:22.984 [main] INFO  com.mawujun.utils.file.FileUtils - com.mawujun.repository.mybatis.dialect.DerbyDialect
16:01:22.984 [main] INFO  com.mawujun.utils.file.FileUtils - com.mawujun.repository.mybatis.dialect.Dialect
16:01:22.985 [main] INFO  com.mawujun.utils.file.FileUtils - com.mawujun.repository.mybatis.dialect.H2Dialect
16:01:22.985 [main] INFO  com.mawujun.utils.file.FileUtils - com.mawujun.repository.mybatis.dialect.HSQLDialect
16:01:22.986 [main] INFO  com.mawujun.utils.file.FileUtils - com.mawujun.repository.mybatis.dialect.MySQLDialect
16:01:22.987 [main] INFO  com.mawujun.utils.file.FileUtils - com.mawujun.repository.mybatis.dialect.OracleDialect
16:01:22.987 [main] INFO  com.mawujun.utils.file.FileUtils - com.mawujun.repository.mybatis.dialect.PostgreSQLDialect
16:01:22.988 [main] INFO  com.mawujun.utils.file.FileUtils - com.mawujun.repository.mybatis.dialect.SQLServer2005Dialect
16:01:22.988 [main] INFO  com.mawujun.utils.file.FileUtils - com.mawujun.repository.mybatis.dialect.SQLServerDialect
16:01:22.989 [main] INFO  com.mawujun.utils.file.FileUtils - com.mawujun.repository.mybatis.dialect.SybaseDialect
16:01:22.990 [main] INFO  com.mawujun.utils.file.FileUtils - com.mawujun.repository.mybatis.MybatisBatchRepository
16:01:22.991 [main] INFO  com.mawujun.utils.file.FileUtils - com.mawujun.repository.mybatis.MybatisRepository
16:01:22.991 [main] INFO  com.mawujun.utils.file.FileUtils - com.mawujun.repository.mybatis.MybatisUtils
16:01:22.992 [main] INFO  com.mawujun.utils.file.FileUtils - com.mawujun.repository.mybatis.PageInterceptor$BoundSqlSqlSource
16:01:22.997 [main] INFO  com.mawujun.utils.file.FileUtils - com.mawujun.repository.mybatis.PageInterceptor
16:01:23.000 [main] INFO  com.mawujun.utils.file.FileUtils - com.mawujun.repository.mybatis.Record
16:01:23.001 [main] INFO  com.mawujun.utils.file.FileUtils - com.mawujun.repository.mybatis.TrueFalseTypeHandler
16:01:23.001 [main] INFO  com.mawujun.utils.file.FileUtils - com.mawujun.repository.mybatis.YesNoTypeHandler
16:01:23.002 [main] INFO  com.mawujun.utils.file.FileUtils - com.mawujun.repository.MyMapperProxy
16:01:23.003 [main] INFO  com.mawujun.utils.file.FileUtils - com.mawujun.repository.MyMapperProxyFactory
16:01:23.004 [main] INFO  com.mawujun.utils.file.FileUtils - com.mawujun.repository.MyMapperRegistry
16:01:23.006 [main] INFO  com.mawujun.utils.file.FileUtils - com.mawujun.repository.MySqlSessionFactoryBean
16:01:23.007 [main] INFO  com.mawujun.utils.file.FileUtils - com.mawujun.service.AbstractService
16:01:23.007 [main] INFO  com.mawujun.utils.file.FileUtils - file类型的扫描
16:01:23.008 [main] INFO  com.mawujun.utils.file.FileUtils - com.mawujun.generator.ExtenConfig
16:01:23.009 [main] INFO  com.mawujun.utils.file.FileUtils - com.mawujun.generator.FreemarkerHelper
16:01:23.009 [main] INFO  com.mawujun.utils.file.FileUtils - com.mawujun.generator.GeneratorService
16:01:23.010 [main] INFO  com.mawujun.utils.file.FileUtils - com.mawujun.generator.JavaEntityMetaDataService
16:01:23.011 [main] INFO  com.mawujun.utils.file.FileUtils - com.mawujun.generator.model.PropertyColumn
16:01:23.011 [main] INFO  com.mawujun.utils.file.FileUtils - com.mawujun.generator.model.SubjectRoot
16:01:23.012 [main] INFO  com.mawujun.utils.file.FileUtils - com.mawujun.generator.MT.GeneratorMT$1
16:01:23.012 [main] INFO  com.mawujun.utils.file.FileUtils - com.mawujun.generator.MT.GeneratorMT
16:01:23.013 [main] INFO  com.mawujun.utils.file.FileUtils - com.mawujun.generator.other.DefaultNameStrategy
16:01:23.014 [main] INFO  com.mawujun.utils.file.FileUtils - com.mawujun.generator.other.JarFileSearch
16:01:23.014 [main] INFO  com.mawujun.utils.file.FileUtils - com.mawujun.generator.other.NameStrategy
16:01:23.014 [main] INFO  com.mawujun.utils.file.FileUtils - com.mawujun.generator.Test
16:01:46.851 [main] INFO  com.mawujun.utils.file.FileUtils - file类型的扫描
16:01:46.854 [main] INFO  com.mawujun.utils.file.FileUtils - com.mawujun.crawler.AreaCrawler
16:01:46.854 [main] INFO  com.mawujun.utils.file.FileUtils - com.mawujun.crawler.Shopinfo
16:01:46.855 [main] INFO  com.mawujun.utils.file.FileUtils - com.mawujun.crawler.Test
16:01:46.861 [main] INFO  com.mawujun.utils.file.FileUtils - com.mawujun.provice.AreaController
16:01:46.869 [main] INFO  com.mawujun.utils.file.FileUtils - ============================找到实体类:com.mawujun.provice.City
16:01:46.870 [main] INFO  com.mawujun.utils.file.FileUtils - com.mawujun.provice.City
16:01:46.870 [main] INFO  com.mawujun.utils.file.FileUtils - ============================找到实体类:com.mawujun.provice.Provice
16:01:46.871 [main] INFO  com.mawujun.utils.file.FileUtils - com.mawujun.provice.Provice
16:01:46.874 [main] INFO  com.mawujun.utils.file.FileUtils - com.mawujun.provice.ProviceRepository
16:01:46.885 [main] INFO  com.mawujun.utils.file.FileUtils - com.mawujun.provice.ProviceService
16:01:46.885 [main] INFO  com.mawujun.utils.file.FileUtils - com.mawujun.utils.GeneratorM
16:01:46.886 [main] INFO  com.mawujun.utils.file.FileUtils - com.mawujun.utils.GeneratorMain
16:01:46.886 [main] INFO  com.mawujun.utils.file.FileUtils - file类型的扫描
16:01:46.887 [main] INFO  com.mawujun.utils.file.FileUtils - com.mawujun.exception.BusinessException
16:01:46.889 [main] INFO  com.mawujun.utils.file.FileUtils - com.mawujun.exception.DefaulExceptionCode
16:01:46.889 [main] INFO  com.mawujun.utils.file.FileUtils - com.mawujun.exception.ExceptionCode
16:01:46.890 [main] INFO  com.mawujun.utils.file.FileUtils - com.mawujun.exception.PaymentCode
16:01:46.891 [main] INFO  com.mawujun.utils.file.FileUtils - com.mawujun.exception.SystemExceptionExample
16:01:46.892 [main] INFO  com.mawujun.utils.file.FileUtils - com.mawujun.exception.SystemExceptionExample2
16:01:46.892 [main] INFO  com.mawujun.utils.file.FileUtils - com.mawujun.exception.SystemExceptionExample3
16:01:46.893 [main] INFO  com.mawujun.utils.file.FileUtils - com.mawujun.exception.ValidationCode
16:01:46.894 [main] INFO  com.mawujun.utils.file.FileUtils - com.mawujun.utils.ArrayUtils
16:01:46.895 [main] INFO  com.mawujun.utils.file.FileUtils - com.mawujun.utils.Assert
16:01:46.896 [main] INFO  com.mawujun.utils.file.FileUtils - com.mawujun.utils.bean.BeanUtils
16:01:46.896 [main] INFO  com.mawujun.utils.file.FileUtils - com.mawujun.utils.CollectionUtils
16:01:46.897 [main] INFO  com.mawujun.utils.file.FileUtils - com.mawujun.utils.DateUtils
16:01:46.897 [main] INFO  com.mawujun.utils.file.FileUtils - com.mawujun.utils.EncodeUtils
16:01:46.898 [main] INFO  com.mawujun.utils.file.FileUtils - com.mawujun.utils.file.FileUtils
16:01:46.898 [main] INFO  com.mawujun.utils.file.FileUtils - com.mawujun.utils.GlobalVariable
16:01:46.899 [main] INFO  com.mawujun.utils.file.FileUtils - com.mawujun.utils.help.CodeGeneratorHelper
16:01:46.900 [main] INFO  com.mawujun.utils.file.FileUtils - com.mawujun.utils.icon.Icon
16:01:46.900 [main] INFO  com.mawujun.utils.file.FileUtils - com.mawujun.utils.icon.IconUtil
16:01:46.901 [main] INFO  com.mawujun.utils.file.FileUtils - com.mawujun.utils.JavaLibraryPathUtils
16:01:46.901 [main] INFO  com.mawujun.utils.file.FileUtils - com.mawujun.utils.JavaVersion
16:01:46.902 [main] INFO  com.mawujun.utils.file.FileUtils - com.mawujun.utils.ObjectUtils
16:01:46.903 [main] INFO  com.mawujun.utils.file.FileUtils - com.mawujun.utils.page.PageParam
16:01:46.903 [main] INFO  com.mawujun.utils.file.FileUtils - com.mawujun.utils.page.PageResult
16:01:46.904 [main] INFO  com.mawujun.utils.file.FileUtils - com.mawujun.utils.properties.PropertiesUtils
16:01:46.905 [main] INFO  com.mawujun.utils.file.FileUtils - com.mawujun.utils.Range$ComparableComparator
16:01:46.906 [main] INFO  com.mawujun.utils.file.FileUtils - com.mawujun.utils.Range
16:01:46.907 [main] INFO  com.mawujun.utils.file.FileUtils - com.mawujun.utils.ReflectUtils$1
16:01:46.908 [main] INFO  com.mawujun.utils.file.FileUtils - com.mawujun.utils.ReflectUtils$2
16:01:46.909 [main] INFO  com.mawujun.utils.file.FileUtils - com.mawujun.utils.ReflectUtils$3
16:01:46.909 [main] INFO  com.mawujun.utils.file.FileUtils - com.mawujun.utils.ReflectUtils$FieldCallback
16:01:46.910 [main] INFO  com.mawujun.utils.file.FileUtils - com.mawujun.utils.ReflectUtils$FieldFilter
16:01:46.910 [main] INFO  com.mawujun.utils.file.FileUtils - com.mawujun.utils.ReflectUtils$MethodCallback
16:01:46.910 [main] INFO  com.mawujun.utils.file.FileUtils - com.mawujun.utils.ReflectUtils$MethodFilter
16:01:46.911 [main] INFO  com.mawujun.utils.file.FileUtils - com.mawujun.utils.ReflectUtils
16:01:46.913 [main] INFO  com.mawujun.utils.file.FileUtils - com.mawujun.utils.SerializationException
16:01:46.914 [main] INFO  com.mawujun.utils.file.FileUtils - com.mawujun.utils.SerializationUtils
16:01:46.915 [main] INFO  com.mawujun.utils.file.FileUtils - com.mawujun.utils.string.RandomStringUtils
16:01:46.916 [main] INFO  com.mawujun.utils.file.FileUtils - com.mawujun.utils.string.StringEscapeUtils
16:01:46.916 [main] INFO  com.mawujun.utils.file.FileUtils - com.mawujun.utils.string.StringTokenizerUtils
16:01:46.919 [main] INFO  com.mawujun.utils.file.FileUtils - com.mawujun.utils.string.StringUtils
16:01:46.920 [main] INFO  com.mawujun.utils.file.FileUtils - com.mawujun.utils.SystemUtils
16:01:46.921 [main] INFO  com.mawujun.utils.file.FileUtils - com.mawujun.utils.test.DbunitBaseRepositoryTest
16:01:46.922 [main] INFO  com.mawujun.utils.file.FileUtils - com.mawujun.utils.Validate
16:01:46.922 [main] INFO  com.mawujun.utils.file.FileUtils - com.mawujun.utils.WeekUtils
16:01:46.923 [main] INFO  com.mawujun.utils.file.FileUtils - file类型的扫描
16:01:46.924 [main] INFO  com.mawujun.utils.file.FileUtils - com.mawujun.controller.spring.event.ApplicationListenerAAA
16:01:46.926 [main] INFO  com.mawujun.utils.file.FileUtils - com.mawujun.controller.spring.mvc.CustomPropertyEditorRegistrar
16:01:46.929 [main] INFO  com.mawujun.utils.file.FileUtils - com.mawujun.controller.spring.mvc.DateBindingInitializer
16:01:46.931 [main] INFO  com.mawujun.utils.file.FileUtils - com.mawujun.controller.spring.mvc.exception.ContentNegotiationManagerFactoryBean_Custom
16:01:46.933 [main] INFO  com.mawujun.utils.file.FileUtils - com.mawujun.controller.spring.mvc.exception.ContentNegotiationManager_Custom
16:01:46.933 [main] INFO  com.mawujun.utils.file.FileUtils - com.mawujun.controller.spring.mvc.FastJsonToStringUtils
16:01:46.934 [main] INFO  com.mawujun.utils.file.FileUtils - com.mawujun.controller.spring.mvc.json.JsonConfigHolder$1
16:01:46.935 [main] INFO  com.mawujun.utils.file.FileUtils - com.mawujun.controller.spring.mvc.json.JsonConfigHolder$ToJsonConfig
16:01:46.936 [main] INFO  com.mawujun.utils.file.FileUtils - com.mawujun.controller.spring.mvc.json.JsonConfigHolder
16:01:46.937 [main] INFO  com.mawujun.utils.file.FileUtils - com.mawujun.controller.spring.mvc.json.Object2JsonObject
16:01:46.937 [main] INFO  com.mawujun.utils.file.FileUtils - com.mawujun.controller.spring.mvc.json.PageResult2JsonObject
16:01:46.938 [main] INFO  com.mawujun.utils.file.FileUtils - com.mawujun.controller.spring.mvc.json.Trans2JsonObject
16:01:46.939 [main] ERROR com.mawujun.utils.file.FileUtils - java.lang.NoClassDefFoundError: org/springframework/web/servlet/view/AbstractView
16:01:46.940 [main] INFO  com.mawujun.utils.file.FileUtils - com.mawujun.controller.spring.SpringContextHolder
16:01:46.940 [main] INFO  com.mawujun.utils.file.FileUtils - file类型的扫描
16:01:46.943 [main] INFO  com.mawujun.utils.file.FileUtils - com.mawujun.repository.cnd.AbstractSqlExpression
16:01:46.943 [main] INFO  com.mawujun.utils.file.FileUtils - com.mawujun.repository.cnd.Cnd
16:01:46.944 [main] INFO  com.mawujun.utils.file.FileUtils - com.mawujun.repository.cnd.Exps
16:01:46.945 [main] INFO  com.mawujun.utils.file.FileUtils - com.mawujun.repository.cnd.InsertItems
16:01:46.946 [main] INFO  com.mawujun.utils.file.FileUtils - com.mawujun.repository.cnd.IntRange
16:01:46.946 [main] INFO  com.mawujun.utils.file.FileUtils - com.mawujun.repository.cnd.IsNull
16:01:46.947 [main] INFO  com.mawujun.utils.file.FileUtils - com.mawujun.repository.cnd.Like
16:01:46.948 [main] INFO  com.mawujun.utils.file.FileUtils - com.mawujun.repository.cnd.LongRange
16:01:46.948 [main] INFO  com.mawujun.utils.file.FileUtils - com.mawujun.repository.cnd.NameRange
16:01:46.948 [main] INFO  com.mawujun.utils.file.FileUtils - com.mawujun.repository.cnd.NoParamsSqlExpression
16:01:46.948 [main] INFO  com.mawujun.utils.file.FileUtils - com.mawujun.repository.cnd.NumberRange
16:01:46.949 [main] INFO  com.mawujun.utils.file.FileUtils - com.mawujun.repository.cnd.OrderBy
16:01:46.949 [main] INFO  com.mawujun.utils.file.FileUtils - com.mawujun.repository.cnd.OrderByItem
16:01:46.950 [main] INFO  com.mawujun.utils.file.FileUtils - com.mawujun.repository.cnd.OrderBySet
16:01:46.950 [main] INFO  com.mawujun.utils.file.FileUtils - com.mawujun.repository.cnd.PItem
16:01:46.951 [main] INFO  com.mawujun.utils.file.FileUtils - com.mawujun.repository.cnd.SelectAggreFun
16:01:46.951 [main] INFO  com.mawujun.utils.file.FileUtils - com.mawujun.repository.cnd.SelectItems
16:01:46.952 [main] INFO  com.mawujun.utils.file.FileUtils - com.mawujun.repository.cnd.SimpleExpression
16:01:46.952 [main] INFO  com.mawujun.utils.file.FileUtils - com.mawujun.repository.cnd.SqlExpression
16:01:46.953 [main] INFO  com.mawujun.utils.file.FileUtils - com.mawujun.repository.cnd.SqlExpressionGroup
16:01:46.953 [main] INFO  com.mawujun.utils.file.FileUtils - com.mawujun.repository.cnd.SqlRange
16:01:46.954 [main] INFO  com.mawujun.utils.file.FileUtils - com.mawujun.repository.cnd.SqlType
16:01:46.955 [main] INFO  com.mawujun.utils.file.FileUtils - com.mawujun.repository.cnd.Static
16:01:46.955 [main] INFO  com.mawujun.utils.file.FileUtils - com.mawujun.repository.cnd.UpdateItems
16:01:46.956 [main] INFO  com.mawujun.utils.file.FileUtils - com.mawujun.repository.DialectEnum
16:01:46.957 [main] INFO  com.mawujun.utils.file.FileUtils - com.mawujun.repository.hibernate.HibernateDao
16:01:46.958 [main] INFO  com.mawujun.utils.file.FileUtils - com.mawujun.repository.hibernate.HibernateUtils
16:01:46.958 [main] INFO  com.mawujun.utils.file.FileUtils - com.mawujun.repository.hibernate.IHibernateDao
16:01:46.973 [main] INFO  com.mawujun.utils.file.FileUtils - com.mawujun.repository.hibernate.MyH2Dialect
16:01:46.975 [main] INFO  com.mawujun.utils.file.FileUtils - com.mawujun.repository.hibernate.NamingStrategy
16:01:46.976 [main] INFO  com.mawujun.utils.file.FileUtils - com.mawujun.repository.hibernate.schemaExport.HibernateDDLGenerator
16:01:46.977 [main] INFO  com.mawujun.utils.file.FileUtils - com.mawujun.repository.hibernate.schemaExport.SchemaExportApp
16:01:46.978 [main] INFO  com.mawujun.utils.file.FileUtils - com.mawujun.repository.hibernate.validate.ValidateEntity
16:01:46.978 [main] INFO  com.mawujun.utils.file.FileUtils - com.mawujun.repository.hibernate.validate.ValidatorUtils
16:01:46.979 [main] INFO  com.mawujun.utils.file.FileUtils - com.mawujun.repository.idEntity.AutoIdEntity
16:01:46.979 [main] INFO  com.mawujun.utils.file.FileUtils - com.mawujun.repository.idEntity.GUIDEntity
16:01:46.980 [main] INFO  com.mawujun.utils.file.FileUtils - com.mawujun.repository.idEntity.GUIDValidateEntity
16:01:46.980 [main] INFO  com.mawujun.utils.file.FileUtils - com.mawujun.repository.idEntity.IdEntity
16:01:46.980 [main] INFO  com.mawujun.utils.file.FileUtils - com.mawujun.repository.idEntity.OracleAutoId
16:01:46.981 [main] INFO  com.mawujun.utils.file.FileUtils - com.mawujun.repository.idEntity.OracleAutoIdValidate
16:01:46.982 [main] INFO  com.mawujun.utils.file.FileUtils - com.mawujun.repository.idEntity.UUIDEntity
16:01:46.982 [main] INFO  com.mawujun.utils.file.FileUtils - com.mawujun.repository.idEntity.UUIDEntityValidate
16:01:46.983 [main] INFO  com.mawujun.utils.file.FileUtils - com.mawujun.repository.idEntity.UUIDGenerator
16:01:46.983 [main] INFO  com.mawujun.utils.file.FileUtils - com.mawujun.repository.IRepository
16:01:46.984 [main] INFO  com.mawujun.utils.file.FileUtils - com.mawujun.repository.mybatis.BaseEntity
16:01:46.986 [main] INFO  com.mawujun.utils.file.FileUtils - com.mawujun.repository.mybatis.BitTypeHandler
16:01:46.987 [main] INFO  com.mawujun.utils.file.FileUtils - com.mawujun.repository.mybatis.DatabaseIdProviderCustom
16:01:46.988 [main] INFO  com.mawujun.utils.file.FileUtils - com.mawujun.repository.mybatis.DataParser
16:01:46.989 [main] INFO  com.mawujun.utils.file.FileUtils - com.mawujun.repository.mybatis.dialect.DB2Dialect
16:01:46.990 [main] INFO  com.mawujun.utils.file.FileUtils - com.mawujun.repository.mybatis.dialect.DerbyDialect
16:01:46.990 [main] INFO  com.mawujun.utils.file.FileUtils - com.mawujun.repository.mybatis.dialect.Dialect
16:01:46.991 [main] INFO  com.mawujun.utils.file.FileUtils - com.mawujun.repository.mybatis.dialect.H2Dialect
16:01:46.991 [main] INFO  com.mawujun.utils.file.FileUtils - com.mawujun.repository.mybatis.dialect.HSQLDialect
16:01:46.992 [main] INFO  com.mawujun.utils.file.FileUtils - com.mawujun.repository.mybatis.dialect.MySQLDialect
16:01:46.993 [main] INFO  com.mawujun.utils.file.FileUtils - com.mawujun.repository.mybatis.dialect.OracleDialect
16:01:46.993 [main] INFO  com.mawujun.utils.file.FileUtils - com.mawujun.repository.mybatis.dialect.PostgreSQLDialect
16:01:46.994 [main] INFO  com.mawujun.utils.file.FileUtils - com.mawujun.repository.mybatis.dialect.SQLServer2005Dialect
16:01:46.994 [main] INFO  com.mawujun.utils.file.FileUtils - com.mawujun.repository.mybatis.dialect.SQLServerDialect
16:01:46.995 [main] INFO  com.mawujun.utils.file.FileUtils - com.mawujun.repository.mybatis.dialect.SybaseDialect
16:01:46.995 [main] INFO  com.mawujun.utils.file.FileUtils - com.mawujun.repository.mybatis.MybatisBatchRepository
16:01:46.996 [main] INFO  com.mawujun.utils.file.FileUtils - com.mawujun.repository.mybatis.MybatisRepository
16:01:46.997 [main] INFO  com.mawujun.utils.file.FileUtils - com.mawujun.repository.mybatis.MybatisUtils
16:01:46.997 [main] INFO  com.mawujun.utils.file.FileUtils - com.mawujun.repository.mybatis.PageInterceptor$BoundSqlSqlSource
16:01:47.004 [main] INFO  com.mawujun.utils.file.FileUtils - com.mawujun.repository.mybatis.PageInterceptor
16:01:47.006 [main] INFO  com.mawujun.utils.file.FileUtils - com.mawujun.repository.mybatis.Record
16:01:47.007 [main] INFO  com.mawujun.utils.file.FileUtils - com.mawujun.repository.mybatis.TrueFalseTypeHandler
16:01:47.008 [main] INFO  com.mawujun.utils.file.FileUtils - com.mawujun.repository.mybatis.YesNoTypeHandler
16:01:47.009 [main] INFO  com.mawujun.utils.file.FileUtils - com.mawujun.repository.MyMapperProxy
16:01:47.009 [main] INFO  com.mawujun.utils.file.FileUtils - com.mawujun.repository.MyMapperProxyFactory
16:01:47.010 [main] INFO  com.mawujun.utils.file.FileUtils - com.mawujun.repository.MyMapperRegistry
16:01:47.013 [main] INFO  com.mawujun.utils.file.FileUtils - com.mawujun.repository.MySqlSessionFactoryBean
16:01:47.013 [main] INFO  com.mawujun.utils.file.FileUtils - com.mawujun.service.AbstractService
16:01:47.013 [main] INFO  com.mawujun.utils.file.FileUtils - file类型的扫描
16:01:47.014 [main] INFO  com.mawujun.utils.file.FileUtils - com.mawujun.generator.ExtenConfig
16:01:47.015 [main] INFO  com.mawujun.utils.file.FileUtils - com.mawujun.generator.FreemarkerHelper
16:01:47.015 [main] INFO  com.mawujun.utils.file.FileUtils - com.mawujun.generator.GeneratorService
16:01:47.016 [main] INFO  com.mawujun.utils.file.FileUtils - com.mawujun.generator.JavaEntityMetaDataService
16:01:47.017 [main] INFO  com.mawujun.utils.file.FileUtils - com.mawujun.generator.model.PropertyColumn
16:01:47.018 [main] INFO  com.mawujun.utils.file.FileUtils - com.mawujun.generator.model.SubjectRoot
16:01:47.018 [main] INFO  com.mawujun.utils.file.FileUtils - com.mawujun.generator.MT.GeneratorMT$1
16:01:47.019 [main] INFO  com.mawujun.utils.file.FileUtils - com.mawujun.generator.MT.GeneratorMT
16:01:47.020 [main] INFO  com.mawujun.utils.file.FileUtils - com.mawujun.generator.other.DefaultNameStrategy
16:01:47.020 [main] INFO  com.mawujun.utils.file.FileUtils - com.mawujun.generator.other.JarFileSearch
16:01:47.020 [main] INFO  com.mawujun.utils.file.FileUtils - com.mawujun.generator.other.NameStrategy
16:01:47.021 [main] INFO  com.mawujun.utils.file.FileUtils - com.mawujun.generator.Test
16:01:47.022 [main] INFO  com.mawujun.utils.file.FileUtils - =============================================com.mawujun.provice.City
16:01:47.022 [main] INFO  com.mawujun.utils.file.FileUtils - name
16:01:47.022 [main] INFO  com.mawujun.utils.file.FileUtils - provice_id
16:01:47.023 [main] INFO  com.mawujun.utils.file.FileUtils - id
16:01:47.023 [main] INFO  com.mawujun.utils.file.FileUtils - =============================================com.mawujun.provice.Provice
16:01:47.023 [main] INFO  com.mawujun.utils.file.FileUtils - name
16:01:47.023 [main] INFO  com.mawujun.utils.file.FileUtils - id
09:32:52.533 [main] DEBUG com.mawujun.controller.spring.SpringContextHolder - 注入ApplicationContext到SpringContextHolder:null
09:38:44.307 [main] DEBUG com.mawujun.controller.spring.SpringContextHolder - 注入ApplicationContext到SpringContextHolder:null
09:43:17.612 [main] DEBUG com.mawujun.controller.spring.SpringContextHolder - 注入ApplicationContext到SpringContextHolder:null
09:44:36.822 [main] DEBUG com.mawujun.controller.spring.SpringContextHolder - 注入ApplicationContext到SpringContextHolder:null
09:45:44.647 [main] DEBUG com.mawujun.controller.spring.SpringContextHolder - 注入ApplicationContext到SpringContextHolder:null
09:47:33.006 [main] DEBUG com.mawujun.controller.spring.SpringContextHolder - 注入ApplicationContext到SpringContextHolder:null
09:48:23.507 [main] DEBUG com.mawujun.controller.spring.SpringContextHolder - 注入ApplicationContext到SpringContextHolder:null
10:02:22.556 [main] DEBUG com.mawujun.controller.spring.SpringContextHolder - 注入ApplicationContext到SpringContextHolder:null
10:06:57.506 [main] DEBUG com.mawujun.controller.spring.SpringContextHolder - 注入ApplicationContext到SpringContextHolder:null
10:33:47.638 [main] DEBUG com.mawujun.controller.spring.SpringContextHolder - 注入ApplicationContext到SpringContextHolder:null
11:20:47.292 [main] DEBUG com.mawujun.controller.spring.SpringContextHolder - 注入ApplicationContext到SpringContextHolder:null
12:02:57.063 [main] DEBUG com.mawujun.controller.spring.SpringContextHolder - 注入ApplicationContext到SpringContextHolder:null
12:51:43.255 [main] DEBUG com.mawujun.controller.spring.SpringContextHolder - 注入ApplicationContext到SpringContextHolder:null
12:51:57.137 [http-8083-2] INFO  com.mawujun.message.servlet.MessageDispatch - org.dom4j.DocumentException: Error on line 1 of document  : 文件提前结束。 Nested exception: 文件提前结束。
12:52:16.198 [http-8083-2] INFO  com.mawujun.message.servlet.MessageDispatch - org.dom4j.DocumentException: Error on line 1 of document  : 文件提前结束。 Nested exception: 文件提前结束。
12:54:09.363 [http-8083-2] INFO  com.mawujun.message.servlet.MessageDispatch - org.dom4j.DocumentException: Error on line 1 of document  : 文件提前结束。 Nested exception: 文件提前结束。
13:01:36.418 [main] DEBUG com.mawujun.controller.spring.SpringContextHolder - 注入ApplicationContext到SpringContextHolder:null
13:02:04.490 [http-8083-2] INFO  com.mawujun.message.servlet.MessageDispatch - org.dom4j.DocumentException: Error on line 1 of document  : 文件提前结束。 Nested exception: 文件提前结束。
13:02:32.378 [http-8083-2] INFO  com.mawujun.message.servlet.MessageDispatch - org.dom4j.DocumentException: Error on line 1 of document  : 文件提前结束。 Nested exception: 文件提前结束。
13:03:23.439 [http-8083-2] INFO  com.mawujun.message.servlet.MessageDispatch - org.dom4j.DocumentException: Error on line 1 of document  : 文件提前结束。 Nested exception: 文件提前结束。
13:06:24.728 [http-8083-2] INFO  com.mawujun.message.servlet.MessageDispatch - org.dom4j.DocumentException: Error on line 1 of document  : 文件提前结束。 Nested exception: 文件提前结束。
13:07:12.899 [main] DEBUG com.mawujun.controller.spring.SpringContextHolder - 注入ApplicationContext到SpringContextHolder:null
13:07:40.822 [http-8083-2] INFO  com.mawujun.message.servlet.MessageDispatch - org.dom4j.DocumentException: Error on line 1 of document  : 文件提前结束。 Nested exception: 文件提前结束。
13:09:20.347 [http-8083-2] INFO  com.mawujun.message.servlet.MessageDispatch - org.dom4j.DocumentException: Stream closed Nested exception: Stream closed
13:10:20.344 [http-8083-2] INFO  com.mawujun.message.servlet.MessageDispatch - org.dom4j.DocumentException: Stream closed Nested exception: Stream closed
13:11:04.309 [main] DEBUG com.mawujun.controller.spring.SpringContextHolder - 注入ApplicationContext到SpringContextHolder:null
13:11:28.478 [http-8083-2] INFO  com.mawujun.message.servlet.MessageDispatch - org.dom4j.DocumentException: Error on line 1 of document  : 文件提前结束。 Nested exception: 文件提前结束。
13:12:17.648 [main] DEBUG com.mawujun.controller.spring.SpringContextHolder - 注入ApplicationContext到SpringContextHolder:null
13:12:37.117 [http-8083-2] INFO  com.mawujun.message.servlet.MessageDispatch - org.dom4j.DocumentException: Error on line 1 of document  : 文件提前结束。 Nested exception: 文件提前结束。
13:13:49.828 [main] DEBUG com.mawujun.controller.spring.SpringContextHolder - 注入ApplicationContext到SpringContextHolder:null
13:14:33.134 [http-8083-2] INFO  com.mawujun.message.servlet.MessageDispatch - java.io.IOException: Stream closed
13:22:34.011 [main] DEBUG com.mawujun.controller.spring.SpringContextHolder - 注入ApplicationContext到SpringContextHolder:null
13:22:57.045 [http-8083-2] DEBUG com.mawujun.weixin.DefaultRequestProcess - com.mawujun.message.request.TextMessage@1f
13:22:58.299 [http-8083-2] INFO  com.mawujun.message.servlet.MessageDispatch - java.lang.NullPointerException
13:24:09.495 [http-8083-2] DEBUG com.mawujun.weixin.DefaultRequestProcess - com.mawujun.message.request.TextMessage@1f
13:24:37.616 [http-8083-2] INFO  com.mawujun.message.servlet.MessageDispatch - java.lang.NullPointerException
13:24:59.721 [http-8083-2] DEBUG com.mawujun.weixin.DefaultRequestProcess - com.mawujun.message.request.TextMessage@1f
13:25:00.847 [http-8083-2] INFO  com.mawujun.message.servlet.MessageDispatch - java.lang.NullPointerException
13:28:54.152 [http-8083-2] DEBUG com.mawujun.weixin.DefaultRequestProcess - com.mawujun.message.request.TextMessage@1f
13:28:55.313 [http-8083-2] INFO  com.mawujun.message.servlet.MessageDispatch - org.springframework.beans.factory.NoSuchBeanDefinitionException: No qualifying bean of type [com.mawujun.weixin.DefaultResponseProcess] is defined
13:29:12.508 [main] DEBUG com.mawujun.controller.spring.SpringContextHolder - 注入ApplicationContext到SpringContextHolder:null
13:29:18.034 [http-8083-2] DEBUG com.mawujun.weixin.DefaultRequestProcess - com.mawujun.message.request.TextMessage@1f
13:32:01.039 [http-8083-1] DEBUG com.mawujun.weixin.DefaultRequestProcess - com.mawujun.message.request.TextMessage@1f
13:39:27.684 [http-8083-1] DEBUG com.mawujun.weixin.DefaultRequestProcess - com.mawujun.message.request.TextMessage@1f
13:39:46.953 [http-8083-1] DEBUG com.mawujun.weixin.DefaultRequestProcess - com.mawujun.message.request.TextMessage@1f
13:44:33.409 [http-8083-1] DEBUG com.mawujun.weixin.DefaultRequestProcess - com.mawujun.message.request.TextMessage@1f
15:43:25.808 [main] DEBUG com.mawujun.controller.spring.SpringContextHolder - 注入ApplicationContext到SpringContextHolder:null
15:46:31.923 [main] DEBUG com.mawujun.controller.spring.SpringContextHolder - 注入ApplicationContext到SpringContextHolder:null
15:52:24.071 [main] DEBUG com.mawujun.controller.spring.SpringContextHolder - 注入ApplicationContext到SpringContextHolder:null
15:55:46.718 [main] DEBUG com.mawujun.controller.spring.SpringContextHolder - 注入ApplicationContext到SpringContextHolder:null
15:59:03.187 [main] DEBUG com.mawujun.controller.spring.SpringContextHolder - 注入ApplicationContext到SpringContextHolder:null
16:02:23.573 [main] DEBUG com.mawujun.controller.spring.SpringContextHolder - 注入ApplicationContext到SpringContextHolder:null
16:03:18.425 [main] DEBUG com.mawujun.controller.spring.SpringContextHolder - 注入ApplicationContext到SpringContextHolder:null
16:08:31.389 [main] DEBUG com.mawujun.controller.spring.SpringContextHolder - 注入ApplicationContext到SpringContextHolder:null
16:09:45.099 [main] DEBUG com.mawujun.controller.spring.SpringContextHolder - 注入ApplicationContext到SpringContextHolder:null
16:17:40.783 [main] DEBUG com.mawujun.controller.spring.SpringContextHolder - 注入ApplicationContext到SpringContextHolder:null
14:24:00.781 [main] DEBUG com.mawujun.controller.spring.SpringContextHolder - 注入ApplicationContext到SpringContextHolder:null
